<?xml version="1.0" encoding="UTF-8"?>
<?totaltestVersion 19.3.2.v20190211-1724_163?>
<!--Topaz for Total Test 19.3.2.v20190211-1724_163 12.03.2019 12:42:30-->
<testsuites>
  <testsuite errors="0" failures="0" name="CWXTCOB_Unit_Tests.CWXTCOB_Scenario_Good.00001: CWXTCOBCase1" tests="2">
    <testcase classname="CWXTCOB_Unit_Tests.CWXTCOB_Scenario_Good.00001: CWXTCOBCase1" name="00001: Check for PARM_LTH"/>
    <testcase classname="CWXTCOB_Unit_Tests.CWXTCOB_Scenario_Good.00001: CWXTCOBCase1" name="00002: Check for PARM_DATA"/>
  </testsuite>
  <testsuite errors="0" failures="0" name="CWXTCOB_Unit_Tests.CWXTCOB_Scenario_Good.00001: CWXTCOBCase1.CWXTCOB_RPTFILE_FILE_02.00001: null assertion" tests="1">
    <testcase classname="CWXTCOB_Unit_Tests.CWXTCOB_Scenario_Good.00001: CWXTCOBCase1.CWXTCOB_RPTFILE_FILE_02.00001: null assertion" name="00001: Check for BLANK_LINE"/>
  </testsuite>
  <testsuite errors="0" failures="0" name="CWXTCOB_Unit_Tests.CWXTCOB_Scenario_Good.00001: CWXTCOBCase1.CWXTCOB_RPTFILE_FILE_02.00002: null assertion" tests="2">
    <testcase classname="CWXTCOB_Unit_Tests.CWXTCOB_Scenario_Good.00001: CWXTCOBCase1.CWXTCOB_RPTFILE_FILE_02.00002: null assertion" name="00001: Check for BLANK_LINE"/>
  </testsuite>
  <testsuite errors="0" failures="0" name="CWXTCOB_Unit_Tests.CWXTCOB_Scenario_Good.00001: CWXTCOBCase1.CWXTCOB_RPTFILE_FILE_02.00003: null assertion" tests="3">
    <testcase classname="CWXTCOB_Unit_Tests.CWXTCOB_Scenario_Good.00001: CWXTCOBCase1.CWXTCOB_RPTFILE_FILE_02.00003: null assertion" name="00001: Check for BLANK_LINE"/>
  </testsuite>
  <testsuite errors="0" failures="2" name="CWXTCOB_Unit_Tests.CWXTCOB_Scenario_Good.00001: CWXTCOBCase1.CWXTCOB_RPTFILE_FILE_02.00004: null assertion" tests="15">
    <testcase classname="CWXTCOB_Unit_Tests.CWXTCOB_Scenario_Good.00001: CWXTCOBCase1.CWXTCOB_RPTFILE_FILE_02.00004: null assertion" name="00001: Check for FILLER0"/>
    <testcase classname="CWXTCOB_Unit_Tests.CWXTCOB_Scenario_Good.00001: CWXTCOBCase1.CWXTCOB_RPTFILE_FILE_02.00004: null assertion" name="00002: Check for FILLER1"/>
    <testcase classname="CWXTCOB_Unit_Tests.CWXTCOB_Scenario_Good.00001: CWXTCOBCase1.CWXTCOB_RPTFILE_FILE_02.00004: null assertion" name="00003: Check for EMP_RUN_MM">
      <failure>Check for EMP_RUN_MM failed

Actual Value:    3

Expected Value:  = 2</failure>
    </testcase>
    <testcase classname="CWXTCOB_Unit_Tests.CWXTCOB_Scenario_Good.00001: CWXTCOBCase1.CWXTCOB_RPTFILE_FILE_02.00004: null assertion" name="00004: Check for FILLER2"/>
    <testcase classname="CWXTCOB_Unit_Tests.CWXTCOB_Scenario_Good.00001: CWXTCOBCase1.CWXTCOB_RPTFILE_FILE_02.00004: null assertion" name="00005: Check for EMP_RUN_DD">
      <failure>Check for EMP_RUN_DD failed

Actual Value:    12

Expected Value:  = 25</failure>
    </testcase>
    <testcase classname="CWXTCOB_Unit_Tests.CWXTCOB_Scenario_Good.00001: CWXTCOBCase1.CWXTCOB_RPTFILE_FILE_02.00004: null assertion" name="00006: Check for FILLER3"/>
    <testcase classname="CWXTCOB_Unit_Tests.CWXTCOB_Scenario_Good.00001: CWXTCOBCase1.CWXTCOB_RPTFILE_FILE_02.00004: null assertion" name="00007: Check for EMP_RUN_YY"/>
    <testcase classname="CWXTCOB_Unit_Tests.CWXTCOB_Scenario_Good.00001: CWXTCOBCase1.CWXTCOB_RPTFILE_FILE_02.00004: null assertion" name="00008: Check for FILLER4"/>
    <testcase classname="CWXTCOB_Unit_Tests.CWXTCOB_Scenario_Good.00001: CWXTCOBCase1.CWXTCOB_RPTFILE_FILE_02.00004: null assertion" name="00009: Check for FILLER5"/>
    <testcase classname="CWXTCOB_Unit_Tests.CWXTCOB_Scenario_Good.00001: CWXTCOBCase1.CWXTCOB_RPTFILE_FILE_02.00004: null assertion" name="00010: Check for FILLER6"/>
    <testcase classname="CWXTCOB_Unit_Tests.CWXTCOB_Scenario_Good.00001: CWXTCOBCase1.CWXTCOB_RPTFILE_FILE_02.00004: null assertion" name="00011: Check for FILLER7"/>
    <testcase classname="CWXTCOB_Unit_Tests.CWXTCOB_Scenario_Good.00001: CWXTCOBCase1.CWXTCOB_RPTFILE_FILE_02.00004: null assertion" name="00012: Check for EMP_PAGE"/>
  </testsuite>
  <testsuite errors="0" failures="2" name="CWXTCOB_Unit_Tests.CWXTCOB_Scenario_Good.00001: CWXTCOBCase1.CWXTCOB_RPTFILE_FILE_02.00005: null assertion" tests="16">
    <testcase classname="CWXTCOB_Unit_Tests.CWXTCOB_Scenario_Good.00001: CWXTCOBCase1.CWXTCOB_RPTFILE_FILE_02.00005: null assertion" name="00001: Check for BLANK_LINE"/>
  </testsuite>
  <testsuite errors="0" failures="2" name="CWXTCOB_Unit_Tests.CWXTCOB_Scenario_Good.00001: CWXTCOBCase1.CWXTCOB_RPTFILE_FILE_02.00006: null assertion" tests="17">
    <testcase classname="CWXTCOB_Unit_Tests.CWXTCOB_Scenario_Good.00001: CWXTCOBCase1.CWXTCOB_RPTFILE_FILE_02.00006: null assertion" name="00001: Check for BLANK_LINE"/>
  </testsuite>
  <testsuite errors="0" failures="2" name="CWXTCOB_Unit_Tests.CWXTCOB_Scenario_Good.00001: CWXTCOBCase1.CWXTCOB_RPTFILE_FILE_02.00007: null assertion" tests="22">
    <testcase classname="CWXTCOB_Unit_Tests.CWXTCOB_Scenario_Good.00001: CWXTCOBCase1.CWXTCOB_RPTFILE_FILE_02.00007: null assertion" name="00001: Check for FILLER0"/>
    <testcase classname="CWXTCOB_Unit_Tests.CWXTCOB_Scenario_Good.00001: CWXTCOBCase1.CWXTCOB_RPTFILE_FILE_02.00007: null assertion" name="00002: Check for FILLER1"/>
    <testcase classname="CWXTCOB_Unit_Tests.CWXTCOB_Scenario_Good.00001: CWXTCOBCase1.CWXTCOB_RPTFILE_FILE_02.00007: null assertion" name="00003: Check for FILLER2"/>
    <testcase classname="CWXTCOB_Unit_Tests.CWXTCOB_Scenario_Good.00001: CWXTCOBCase1.CWXTCOB_RPTFILE_FILE_02.00007: null assertion" name="00004: Check for FILLER3"/>
    <testcase classname="CWXTCOB_Unit_Tests.CWXTCOB_Scenario_Good.00001: CWXTCOBCase1.CWXTCOB_RPTFILE_FILE_02.00007: null assertion" name="00005: Check for FILLER4"/>
  </testsuite>
  <testsuite errors="0" failures="2" name="CWXTCOB_Unit_Tests.CWXTCOB_Scenario_Good.00001: CWXTCOBCase1.CWXTCOB_RPTFILE_FILE_02.00008: null assertion" tests="40">
    <testcase classname="CWXTCOB_Unit_Tests.CWXTCOB_Scenario_Good.00001: CWXTCOBCase1.CWXTCOB_RPTFILE_FILE_02.00008: null assertion" name="00001: Check for FILLER0"/>
    <testcase classname="CWXTCOB_Unit_Tests.CWXTCOB_Scenario_Good.00001: CWXTCOBCase1.CWXTCOB_RPTFILE_FILE_02.00008: null assertion" name="00002: Check for FILLER1"/>
    <testcase classname="CWXTCOB_Unit_Tests.CWXTCOB_Scenario_Good.00001: CWXTCOBCase1.CWXTCOB_RPTFILE_FILE_02.00008: null assertion" name="00003: Check for FILLER2"/>
    <testcase classname="CWXTCOB_Unit_Tests.CWXTCOB_Scenario_Good.00001: CWXTCOBCase1.CWXTCOB_RPTFILE_FILE_02.00008: null assertion" name="00004: Check for FILLER3"/>
    <testcase classname="CWXTCOB_Unit_Tests.CWXTCOB_Scenario_Good.00001: CWXTCOBCase1.CWXTCOB_RPTFILE_FILE_02.00008: null assertion" name="00005: Check for FILLER4"/>
    <testcase classname="CWXTCOB_Unit_Tests.CWXTCOB_Scenario_Good.00001: CWXTCOBCase1.CWXTCOB_RPTFILE_FILE_02.00008: null assertion" name="00006: Check for FILLER5"/>
    <testcase classname="CWXTCOB_Unit_Tests.CWXTCOB_Scenario_Good.00001: CWXTCOBCase1.CWXTCOB_RPTFILE_FILE_02.00008: null assertion" name="00007: Check for FILLER6"/>
    <testcase classname="CWXTCOB_Unit_Tests.CWXTCOB_Scenario_Good.00001: CWXTCOBCase1.CWXTCOB_RPTFILE_FILE_02.00008: null assertion" name="00008: Check for FILLER7"/>
    <testcase classname="CWXTCOB_Unit_Tests.CWXTCOB_Scenario_Good.00001: CWXTCOBCase1.CWXTCOB_RPTFILE_FILE_02.00008: null assertion" name="00009: Check for FILLER8"/>
    <testcase classname="CWXTCOB_Unit_Tests.CWXTCOB_Scenario_Good.00001: CWXTCOBCase1.CWXTCOB_RPTFILE_FILE_02.00008: null assertion" name="00010: Check for FILLER9"/>
    <testcase classname="CWXTCOB_Unit_Tests.CWXTCOB_Scenario_Good.00001: CWXTCOBCase1.CWXTCOB_RPTFILE_FILE_02.00008: null assertion" name="00011: Check for FILLER10"/>
    <testcase classname="CWXTCOB_Unit_Tests.CWXTCOB_Scenario_Good.00001: CWXTCOBCase1.CWXTCOB_RPTFILE_FILE_02.00008: null assertion" name="00012: Check for FILLER11"/>
    <testcase classname="CWXTCOB_Unit_Tests.CWXTCOB_Scenario_Good.00001: CWXTCOBCase1.CWXTCOB_RPTFILE_FILE_02.00008: null assertion" name="00013: Check for FILLER12"/>
    <testcase classname="CWXTCOB_Unit_Tests.CWXTCOB_Scenario_Good.00001: CWXTCOBCase1.CWXTCOB_RPTFILE_FILE_02.00008: null assertion" name="00014: Check for FILLER13"/>
    <testcase classname="CWXTCOB_Unit_Tests.CWXTCOB_Scenario_Good.00001: CWXTCOBCase1.CWXTCOB_RPTFILE_FILE_02.00008: null assertion" name="00015: Check for FILLER14"/>
    <testcase classname="CWXTCOB_Unit_Tests.CWXTCOB_Scenario_Good.00001: CWXTCOBCase1.CWXTCOB_RPTFILE_FILE_02.00008: null assertion" name="00016: Check for FILLER15"/>
    <testcase classname="CWXTCOB_Unit_Tests.CWXTCOB_Scenario_Good.00001: CWXTCOBCase1.CWXTCOB_RPTFILE_FILE_02.00008: null assertion" name="00017: Check for FILLER16"/>
    <testcase classname="CWXTCOB_Unit_Tests.CWXTCOB_Scenario_Good.00001: CWXTCOBCase1.CWXTCOB_RPTFILE_FILE_02.00008: null assertion" name="00018: Check for FILLER17"/>
  </testsuite>
  <testsuite errors="0" failures="2" name="CWXTCOB_Unit_Tests.CWXTCOB_Scenario_Good.00001: CWXTCOBCase1.CWXTCOB_RPTFILE_FILE_02.00009: null assertion" tests="41">
    <testcase classname="CWXTCOB_Unit_Tests.CWXTCOB_Scenario_Good.00001: CWXTCOBCase1.CWXTCOB_RPTFILE_FILE_02.00009: null assertion" name="00001: Check for BLANK_LINE"/>
  </testsuite>
  <testsuite errors="0" failures="3" name="CWXTCOB_Unit_Tests.CWXTCOB_Scenario_Good.00001: CWXTCOBCase1.CWXTCOB_RPTFILE_FILE_02.00010: null assertion" tests="63">
    <testcase classname="CWXTCOB_Unit_Tests.CWXTCOB_Scenario_Good.00001: CWXTCOBCase1.CWXTCOB_RPTFILE_FILE_02.00010: null assertion" name="00001: Check for FILLER0"/>
    <testcase classname="CWXTCOB_Unit_Tests.CWXTCOB_Scenario_Good.00001: CWXTCOBCase1.CWXTCOB_RPTFILE_FILE_02.00010: null assertion" name="00002: Check for EMP_DTL_NAME"/>
    <testcase classname="CWXTCOB_Unit_Tests.CWXTCOB_Scenario_Good.00001: CWXTCOBCase1.CWXTCOB_RPTFILE_FILE_02.00010: null assertion" name="00003: Check for FILLER1"/>
    <testcase classname="CWXTCOB_Unit_Tests.CWXTCOB_Scenario_Good.00001: CWXTCOBCase1.CWXTCOB_RPTFILE_FILE_02.00010: null assertion" name="00004: Check for EMP_DTL_REGION"/>
    <testcase classname="CWXTCOB_Unit_Tests.CWXTCOB_Scenario_Good.00001: CWXTCOBCase1.CWXTCOB_RPTFILE_FILE_02.00010: null assertion" name="00005: Check for FILLER2"/>
    <testcase classname="CWXTCOB_Unit_Tests.CWXTCOB_Scenario_Good.00001: CWXTCOBCase1.CWXTCOB_RPTFILE_FILE_02.00010: null assertion" name="00006: Check for EMP_DTL_TYPE"/>
    <testcase classname="CWXTCOB_Unit_Tests.CWXTCOB_Scenario_Good.00001: CWXTCOBCase1.CWXTCOB_RPTFILE_FILE_02.00010: null assertion" name="00007: Check for FILLER3"/>
    <testcase classname="CWXTCOB_Unit_Tests.CWXTCOB_Scenario_Good.00001: CWXTCOBCase1.CWXTCOB_RPTFILE_FILE_02.00010: null assertion" name="00008: Check for EMP_DTL_HIRE_MM"/>
    <testcase classname="CWXTCOB_Unit_Tests.CWXTCOB_Scenario_Good.00001: CWXTCOBCase1.CWXTCOB_RPTFILE_FILE_02.00010: null assertion" name="00009: Check for EMP_DTL_SLASH1"/>
    <testcase classname="CWXTCOB_Unit_Tests.CWXTCOB_Scenario_Good.00001: CWXTCOBCase1.CWXTCOB_RPTFILE_FILE_02.00010: null assertion" name="00010: Check for EMP_DTL_HIRE_DD"/>
    <testcase classname="CWXTCOB_Unit_Tests.CWXTCOB_Scenario_Good.00001: CWXTCOBCase1.CWXTCOB_RPTFILE_FILE_02.00010: null assertion" name="00011: Check for EMP_DTL_SLASH2"/>
    <testcase classname="CWXTCOB_Unit_Tests.CWXTCOB_Scenario_Good.00001: CWXTCOBCase1.CWXTCOB_RPTFILE_FILE_02.00010: null assertion" name="00012: Check for EMP_DTL_HIRE_YY"/>
    <testcase classname="CWXTCOB_Unit_Tests.CWXTCOB_Scenario_Good.00001: CWXTCOBCase1.CWXTCOB_RPTFILE_FILE_02.00010: null assertion" name="00013: Check for FILLER4"/>
    <testcase classname="CWXTCOB_Unit_Tests.CWXTCOB_Scenario_Good.00001: CWXTCOBCase1.CWXTCOB_RPTFILE_FILE_02.00010: null assertion" name="00014: Check for EMP_DTL_YRS_OF_SERVICE">
      <failure>Check for EMP_DTL_YRS_OF_SERVICE failed

Actual Value:    0

Expected Value:  = 37</failure>
    </testcase>
    <testcase classname="CWXTCOB_Unit_Tests.CWXTCOB_Scenario_Good.00001: CWXTCOBCase1.CWXTCOB_RPTFILE_FILE_02.00010: null assertion" name="00015: Check for FILLER5"/>
    <testcase classname="CWXTCOB_Unit_Tests.CWXTCOB_Scenario_Good.00001: CWXTCOBCase1.CWXTCOB_RPTFILE_FILE_02.00010: null assertion" name="00016: Check for EMP_DTL_WAGES"/>
    <testcase classname="CWXTCOB_Unit_Tests.CWXTCOB_Scenario_Good.00001: CWXTCOBCase1.CWXTCOB_RPTFILE_FILE_02.00010: null assertion" name="00017: Check for FILLER6"/>
    <testcase classname="CWXTCOB_Unit_Tests.CWXTCOB_Scenario_Good.00001: CWXTCOBCase1.CWXTCOB_RPTFILE_FILE_02.00010: null assertion" name="00018: Check for EMP_DTL_OT"/>
    <testcase classname="CWXTCOB_Unit_Tests.CWXTCOB_Scenario_Good.00001: CWXTCOBCase1.CWXTCOB_RPTFILE_FILE_02.00010: null assertion" name="00019: Check for FILLER7"/>
    <testcase classname="CWXTCOB_Unit_Tests.CWXTCOB_Scenario_Good.00001: CWXTCOBCase1.CWXTCOB_RPTFILE_FILE_02.00010: null assertion" name="00020: Check for EMP_DTL_COMM"/>
    <testcase classname="CWXTCOB_Unit_Tests.CWXTCOB_Scenario_Good.00001: CWXTCOBCase1.CWXTCOB_RPTFILE_FILE_02.00010: null assertion" name="00021: Check for FILLER8"/>
    <testcase classname="CWXTCOB_Unit_Tests.CWXTCOB_Scenario_Good.00001: CWXTCOBCase1.CWXTCOB_RPTFILE_FILE_02.00010: null assertion" name="00022: Check for EMP_DTL_TOTAL"/>
  </testsuite>
  <testsuite errors="0" failures="6" name="CWXTCOB_Unit_Tests.CWXTCOB_Scenario_Good.00001: CWXTCOBCase1.CWXTCOB_RPTFILE_FILE_02.00011: null assertion" tests="85">
    <testcase classname="CWXTCOB_Unit_Tests.CWXTCOB_Scenario_Good.00001: CWXTCOBCase1.CWXTCOB_RPTFILE_FILE_02.00011: null assertion" name="00001: Check for FILLER0"/>
    <testcase classname="CWXTCOB_Unit_Tests.CWXTCOB_Scenario_Good.00001: CWXTCOBCase1.CWXTCOB_RPTFILE_FILE_02.00011: null assertion" name="00002: Check for EMP_DTL_NAME"/>
    <testcase classname="CWXTCOB_Unit_Tests.CWXTCOB_Scenario_Good.00001: CWXTCOBCase1.CWXTCOB_RPTFILE_FILE_02.00011: null assertion" name="00003: Check for FILLER1"/>
    <testcase classname="CWXTCOB_Unit_Tests.CWXTCOB_Scenario_Good.00001: CWXTCOBCase1.CWXTCOB_RPTFILE_FILE_02.00011: null assertion" name="00004: Check for EMP_DTL_REGION"/>
    <testcase classname="CWXTCOB_Unit_Tests.CWXTCOB_Scenario_Good.00001: CWXTCOBCase1.CWXTCOB_RPTFILE_FILE_02.00011: null assertion" name="00005: Check for FILLER2"/>
    <testcase classname="CWXTCOB_Unit_Tests.CWXTCOB_Scenario_Good.00001: CWXTCOBCase1.CWXTCOB_RPTFILE_FILE_02.00011: null assertion" name="00006: Check for EMP_DTL_TYPE"/>
    <testcase classname="CWXTCOB_Unit_Tests.CWXTCOB_Scenario_Good.00001: CWXTCOBCase1.CWXTCOB_RPTFILE_FILE_02.00011: null assertion" name="00007: Check for FILLER3"/>
    <testcase classname="CWXTCOB_Unit_Tests.CWXTCOB_Scenario_Good.00001: CWXTCOBCase1.CWXTCOB_RPTFILE_FILE_02.00011: null assertion" name="00008: Check for EMP_DTL_HIRE_MM"/>
    <testcase classname="CWXTCOB_Unit_Tests.CWXTCOB_Scenario_Good.00001: CWXTCOBCase1.CWXTCOB_RPTFILE_FILE_02.00011: null assertion" name="00009: Check for EMP_DTL_SLASH1"/>
    <testcase classname="CWXTCOB_Unit_Tests.CWXTCOB_Scenario_Good.00001: CWXTCOBCase1.CWXTCOB_RPTFILE_FILE_02.00011: null assertion" name="00010: Check for EMP_DTL_HIRE_DD"/>
    <testcase classname="CWXTCOB_Unit_Tests.CWXTCOB_Scenario_Good.00001: CWXTCOBCase1.CWXTCOB_RPTFILE_FILE_02.00011: null assertion" name="00011: Check for EMP_DTL_SLASH2"/>
    <testcase classname="CWXTCOB_Unit_Tests.CWXTCOB_Scenario_Good.00001: CWXTCOBCase1.CWXTCOB_RPTFILE_FILE_02.00011: null assertion" name="00012: Check for EMP_DTL_HIRE_YY"/>
    <testcase classname="CWXTCOB_Unit_Tests.CWXTCOB_Scenario_Good.00001: CWXTCOBCase1.CWXTCOB_RPTFILE_FILE_02.00011: null assertion" name="00013: Check for FILLER4"/>
    <testcase classname="CWXTCOB_Unit_Tests.CWXTCOB_Scenario_Good.00001: CWXTCOBCase1.CWXTCOB_RPTFILE_FILE_02.00011: null assertion" name="00014: Check for EMP_DTL_YRS_OF_SERVICE">
      <failure>Check for EMP_DTL_YRS_OF_SERVICE failed

Actual Value:    0

Expected Value:  = 26</failure>
    </testcase>
    <testcase classname="CWXTCOB_Unit_Tests.CWXTCOB_Scenario_Good.00001: CWXTCOBCase1.CWXTCOB_RPTFILE_FILE_02.00011: null assertion" name="00015: Check for FILLER5"/>
    <testcase classname="CWXTCOB_Unit_Tests.CWXTCOB_Scenario_Good.00001: CWXTCOBCase1.CWXTCOB_RPTFILE_FILE_02.00011: null assertion" name="00016: Check for EMP_DTL_WAGES"/>
    <testcase classname="CWXTCOB_Unit_Tests.CWXTCOB_Scenario_Good.00001: CWXTCOBCase1.CWXTCOB_RPTFILE_FILE_02.00011: null assertion" name="00017: Check for FILLER6"/>
    <testcase classname="CWXTCOB_Unit_Tests.CWXTCOB_Scenario_Good.00001: CWXTCOBCase1.CWXTCOB_RPTFILE_FILE_02.00011: null assertion" name="00018: Check for EMP_DTL_OT"/>
    <testcase classname="CWXTCOB_Unit_Tests.CWXTCOB_Scenario_Good.00001: CWXTCOBCase1.CWXTCOB_RPTFILE_FILE_02.00011: null assertion" name="00019: Check for FILLER7"/>
    <testcase classname="CWXTCOB_Unit_Tests.CWXTCOB_Scenario_Good.00001: CWXTCOBCase1.CWXTCOB_RPTFILE_FILE_02.00011: null assertion" name="00020: Check for EMP_DTL_COMM">
      <failure>Check for EMP_DTL_COMM failed

Actual Value:    0.00

Expected Value:  = 3300.00</failure>
    </testcase>
    <testcase classname="CWXTCOB_Unit_Tests.CWXTCOB_Scenario_Good.00001: CWXTCOBCase1.CWXTCOB_RPTFILE_FILE_02.00011: null assertion" name="00021: Check for FILLER8"/>
    <testcase classname="CWXTCOB_Unit_Tests.CWXTCOB_Scenario_Good.00001: CWXTCOBCase1.CWXTCOB_RPTFILE_FILE_02.00011: null assertion" name="00022: Check for EMP_DTL_TOTAL">
      <failure>Check for EMP_DTL_TOTAL failed

Actual Value:    750.00

Expected Value:  = 4050.00</failure>
    </testcase>
  </testsuite>
  <testsuite errors="0" failures="9" name="CWXTCOB_Unit_Tests.CWXTCOB_Scenario_Good.00001: CWXTCOBCase1.CWXTCOB_RPTFILE_FILE_02.00012: null assertion" tests="107">
    <testcase classname="CWXTCOB_Unit_Tests.CWXTCOB_Scenario_Good.00001: CWXTCOBCase1.CWXTCOB_RPTFILE_FILE_02.00012: null assertion" name="00001: Check for FILLER0"/>
    <testcase classname="CWXTCOB_Unit_Tests.CWXTCOB_Scenario_Good.00001: CWXTCOBCase1.CWXTCOB_RPTFILE_FILE_02.00012: null assertion" name="00002: Check for EMP_DTL_NAME"/>
    <testcase classname="CWXTCOB_Unit_Tests.CWXTCOB_Scenario_Good.00001: CWXTCOBCase1.CWXTCOB_RPTFILE_FILE_02.00012: null assertion" name="00003: Check for FILLER1"/>
    <testcase classname="CWXTCOB_Unit_Tests.CWXTCOB_Scenario_Good.00001: CWXTCOBCase1.CWXTCOB_RPTFILE_FILE_02.00012: null assertion" name="00004: Check for EMP_DTL_REGION"/>
    <testcase classname="CWXTCOB_Unit_Tests.CWXTCOB_Scenario_Good.00001: CWXTCOBCase1.CWXTCOB_RPTFILE_FILE_02.00012: null assertion" name="00005: Check for FILLER2"/>
    <testcase classname="CWXTCOB_Unit_Tests.CWXTCOB_Scenario_Good.00001: CWXTCOBCase1.CWXTCOB_RPTFILE_FILE_02.00012: null assertion" name="00006: Check for EMP_DTL_TYPE"/>
    <testcase classname="CWXTCOB_Unit_Tests.CWXTCOB_Scenario_Good.00001: CWXTCOBCase1.CWXTCOB_RPTFILE_FILE_02.00012: null assertion" name="00007: Check for FILLER3"/>
    <testcase classname="CWXTCOB_Unit_Tests.CWXTCOB_Scenario_Good.00001: CWXTCOBCase1.CWXTCOB_RPTFILE_FILE_02.00012: null assertion" name="00008: Check for EMP_DTL_HIRE_MM"/>
    <testcase classname="CWXTCOB_Unit_Tests.CWXTCOB_Scenario_Good.00001: CWXTCOBCase1.CWXTCOB_RPTFILE_FILE_02.00012: null assertion" name="00009: Check for EMP_DTL_SLASH1"/>
    <testcase classname="CWXTCOB_Unit_Tests.CWXTCOB_Scenario_Good.00001: CWXTCOBCase1.CWXTCOB_RPTFILE_FILE_02.00012: null assertion" name="00010: Check for EMP_DTL_HIRE_DD"/>
    <testcase classname="CWXTCOB_Unit_Tests.CWXTCOB_Scenario_Good.00001: CWXTCOBCase1.CWXTCOB_RPTFILE_FILE_02.00012: null assertion" name="00011: Check for EMP_DTL_SLASH2"/>
    <testcase classname="CWXTCOB_Unit_Tests.CWXTCOB_Scenario_Good.00001: CWXTCOBCase1.CWXTCOB_RPTFILE_FILE_02.00012: null assertion" name="00012: Check for EMP_DTL_HIRE_YY"/>
    <testcase classname="CWXTCOB_Unit_Tests.CWXTCOB_Scenario_Good.00001: CWXTCOBCase1.CWXTCOB_RPTFILE_FILE_02.00012: null assertion" name="00013: Check for FILLER4"/>
    <testcase classname="CWXTCOB_Unit_Tests.CWXTCOB_Scenario_Good.00001: CWXTCOBCase1.CWXTCOB_RPTFILE_FILE_02.00012: null assertion" name="00014: Check for EMP_DTL_YRS_OF_SERVICE">
      <failure>Check for EMP_DTL_YRS_OF_SERVICE failed

Actual Value:    0

Expected Value:  = 29</failure>
    </testcase>
    <testcase classname="CWXTCOB_Unit_Tests.CWXTCOB_Scenario_Good.00001: CWXTCOBCase1.CWXTCOB_RPTFILE_FILE_02.00012: null assertion" name="00015: Check for FILLER5"/>
    <testcase classname="CWXTCOB_Unit_Tests.CWXTCOB_Scenario_Good.00001: CWXTCOBCase1.CWXTCOB_RPTFILE_FILE_02.00012: null assertion" name="00016: Check for EMP_DTL_WAGES"/>
    <testcase classname="CWXTCOB_Unit_Tests.CWXTCOB_Scenario_Good.00001: CWXTCOBCase1.CWXTCOB_RPTFILE_FILE_02.00012: null assertion" name="00017: Check for FILLER6"/>
    <testcase classname="CWXTCOB_Unit_Tests.CWXTCOB_Scenario_Good.00001: CWXTCOBCase1.CWXTCOB_RPTFILE_FILE_02.00012: null assertion" name="00018: Check for EMP_DTL_OT"/>
    <testcase classname="CWXTCOB_Unit_Tests.CWXTCOB_Scenario_Good.00001: CWXTCOBCase1.CWXTCOB_RPTFILE_FILE_02.00012: null assertion" name="00019: Check for FILLER7"/>
    <testcase classname="CWXTCOB_Unit_Tests.CWXTCOB_Scenario_Good.00001: CWXTCOBCase1.CWXTCOB_RPTFILE_FILE_02.00012: null assertion" name="00020: Check for EMP_DTL_COMM">
      <failure>Check for EMP_DTL_COMM failed

Actual Value:    0.00

Expected Value:  = 1000.00</failure>
    </testcase>
    <testcase classname="CWXTCOB_Unit_Tests.CWXTCOB_Scenario_Good.00001: CWXTCOBCase1.CWXTCOB_RPTFILE_FILE_02.00012: null assertion" name="00021: Check for FILLER8"/>
    <testcase classname="CWXTCOB_Unit_Tests.CWXTCOB_Scenario_Good.00001: CWXTCOBCase1.CWXTCOB_RPTFILE_FILE_02.00012: null assertion" name="00022: Check for EMP_DTL_TOTAL">
      <failure>Check for EMP_DTL_TOTAL failed

Actual Value:    850.00

Expected Value:  = 1850.00</failure>
    </testcase>
  </testsuite>
  <testsuite errors="0" failures="13" name="CWXTCOB_Unit_Tests.CWXTCOB_Scenario_Good.00001: CWXTCOBCase1.CWXTCOB_RPTFILE_FILE_02.00013: null assertion" tests="129">
    <testcase classname="CWXTCOB_Unit_Tests.CWXTCOB_Scenario_Good.00001: CWXTCOBCase1.CWXTCOB_RPTFILE_FILE_02.00013: null assertion" name="00001: Check for FILLER0"/>
    <testcase classname="CWXTCOB_Unit_Tests.CWXTCOB_Scenario_Good.00001: CWXTCOBCase1.CWXTCOB_RPTFILE_FILE_02.00013: null assertion" name="00002: Check for EMP_DTL_NAME">
      <failure>Check for EMP_DTL_NAME failed

Actual Value:    MICHAEL DAYTON

Expected Value:  = MICHAEL DEYTON</failure>
    </testcase>
    <testcase classname="CWXTCOB_Unit_Tests.CWXTCOB_Scenario_Good.00001: CWXTCOBCase1.CWXTCOB_RPTFILE_FILE_02.00013: null assertion" name="00003: Check for FILLER1"/>
    <testcase classname="CWXTCOB_Unit_Tests.CWXTCOB_Scenario_Good.00001: CWXTCOBCase1.CWXTCOB_RPTFILE_FILE_02.00013: null assertion" name="00004: Check for EMP_DTL_REGION"/>
    <testcase classname="CWXTCOB_Unit_Tests.CWXTCOB_Scenario_Good.00001: CWXTCOBCase1.CWXTCOB_RPTFILE_FILE_02.00013: null assertion" name="00005: Check for FILLER2"/>
    <testcase classname="CWXTCOB_Unit_Tests.CWXTCOB_Scenario_Good.00001: CWXTCOBCase1.CWXTCOB_RPTFILE_FILE_02.00013: null assertion" name="00006: Check for EMP_DTL_TYPE"/>
    <testcase classname="CWXTCOB_Unit_Tests.CWXTCOB_Scenario_Good.00001: CWXTCOBCase1.CWXTCOB_RPTFILE_FILE_02.00013: null assertion" name="00007: Check for FILLER3"/>
    <testcase classname="CWXTCOB_Unit_Tests.CWXTCOB_Scenario_Good.00001: CWXTCOBCase1.CWXTCOB_RPTFILE_FILE_02.00013: null assertion" name="00008: Check for EMP_DTL_HIRE_MM"/>
    <testcase classname="CWXTCOB_Unit_Tests.CWXTCOB_Scenario_Good.00001: CWXTCOBCase1.CWXTCOB_RPTFILE_FILE_02.00013: null assertion" name="00009: Check for EMP_DTL_SLASH1"/>
    <testcase classname="CWXTCOB_Unit_Tests.CWXTCOB_Scenario_Good.00001: CWXTCOBCase1.CWXTCOB_RPTFILE_FILE_02.00013: null assertion" name="00010: Check for EMP_DTL_HIRE_DD"/>
    <testcase classname="CWXTCOB_Unit_Tests.CWXTCOB_Scenario_Good.00001: CWXTCOBCase1.CWXTCOB_RPTFILE_FILE_02.00013: null assertion" name="00011: Check for EMP_DTL_SLASH2"/>
    <testcase classname="CWXTCOB_Unit_Tests.CWXTCOB_Scenario_Good.00001: CWXTCOBCase1.CWXTCOB_RPTFILE_FILE_02.00013: null assertion" name="00012: Check for EMP_DTL_HIRE_YY"/>
    <testcase classname="CWXTCOB_Unit_Tests.CWXTCOB_Scenario_Good.00001: CWXTCOBCase1.CWXTCOB_RPTFILE_FILE_02.00013: null assertion" name="00013: Check for FILLER4"/>
    <testcase classname="CWXTCOB_Unit_Tests.CWXTCOB_Scenario_Good.00001: CWXTCOBCase1.CWXTCOB_RPTFILE_FILE_02.00013: null assertion" name="00014: Check for EMP_DTL_YRS_OF_SERVICE">
      <failure>Check for EMP_DTL_YRS_OF_SERVICE failed

Actual Value:    0

Expected Value:  = 36</failure>
    </testcase>
    <testcase classname="CWXTCOB_Unit_Tests.CWXTCOB_Scenario_Good.00001: CWXTCOBCase1.CWXTCOB_RPTFILE_FILE_02.00013: null assertion" name="00015: Check for FILLER5"/>
    <testcase classname="CWXTCOB_Unit_Tests.CWXTCOB_Scenario_Good.00001: CWXTCOBCase1.CWXTCOB_RPTFILE_FILE_02.00013: null assertion" name="00016: Check for EMP_DTL_WAGES"/>
    <testcase classname="CWXTCOB_Unit_Tests.CWXTCOB_Scenario_Good.00001: CWXTCOBCase1.CWXTCOB_RPTFILE_FILE_02.00013: null assertion" name="00017: Check for FILLER6"/>
    <testcase classname="CWXTCOB_Unit_Tests.CWXTCOB_Scenario_Good.00001: CWXTCOBCase1.CWXTCOB_RPTFILE_FILE_02.00013: null assertion" name="00018: Check for EMP_DTL_OT"/>
    <testcase classname="CWXTCOB_Unit_Tests.CWXTCOB_Scenario_Good.00001: CWXTCOBCase1.CWXTCOB_RPTFILE_FILE_02.00013: null assertion" name="00019: Check for FILLER7"/>
    <testcase classname="CWXTCOB_Unit_Tests.CWXTCOB_Scenario_Good.00001: CWXTCOBCase1.CWXTCOB_RPTFILE_FILE_02.00013: null assertion" name="00020: Check for EMP_DTL_COMM">
      <failure>Check for EMP_DTL_COMM failed

Actual Value:    0.00

Expected Value:  = 6000.00</failure>
    </testcase>
    <testcase classname="CWXTCOB_Unit_Tests.CWXTCOB_Scenario_Good.00001: CWXTCOBCase1.CWXTCOB_RPTFILE_FILE_02.00013: null assertion" name="00021: Check for FILLER8"/>
    <testcase classname="CWXTCOB_Unit_Tests.CWXTCOB_Scenario_Good.00001: CWXTCOBCase1.CWXTCOB_RPTFILE_FILE_02.00013: null assertion" name="00022: Check for EMP_DTL_TOTAL">
      <failure>Check for EMP_DTL_TOTAL failed

Actual Value:    825.00

Expected Value:  = 6825.00</failure>
    </testcase>
  </testsuite>
  <testsuite errors="0" failures="16" name="CWXTCOB_Unit_Tests.CWXTCOB_Scenario_Good.00001: CWXTCOBCase1.CWXTCOB_RPTFILE_FILE_02.00014: null assertion" tests="151">
    <testcase classname="CWXTCOB_Unit_Tests.CWXTCOB_Scenario_Good.00001: CWXTCOBCase1.CWXTCOB_RPTFILE_FILE_02.00014: null assertion" name="00001: Check for FILLER0"/>
    <testcase classname="CWXTCOB_Unit_Tests.CWXTCOB_Scenario_Good.00001: CWXTCOBCase1.CWXTCOB_RPTFILE_FILE_02.00014: null assertion" name="00002: Check for EMP_DTL_NAME"/>
    <testcase classname="CWXTCOB_Unit_Tests.CWXTCOB_Scenario_Good.00001: CWXTCOBCase1.CWXTCOB_RPTFILE_FILE_02.00014: null assertion" name="00003: Check for FILLER1"/>
    <testcase classname="CWXTCOB_Unit_Tests.CWXTCOB_Scenario_Good.00001: CWXTCOBCase1.CWXTCOB_RPTFILE_FILE_02.00014: null assertion" name="00004: Check for EMP_DTL_REGION"/>
    <testcase classname="CWXTCOB_Unit_Tests.CWXTCOB_Scenario_Good.00001: CWXTCOBCase1.CWXTCOB_RPTFILE_FILE_02.00014: null assertion" name="00005: Check for FILLER2"/>
    <testcase classname="CWXTCOB_Unit_Tests.CWXTCOB_Scenario_Good.00001: CWXTCOBCase1.CWXTCOB_RPTFILE_FILE_02.00014: null assertion" name="00006: Check for EMP_DTL_TYPE"/>
    <testcase classname="CWXTCOB_Unit_Tests.CWXTCOB_Scenario_Good.00001: CWXTCOBCase1.CWXTCOB_RPTFILE_FILE_02.00014: null assertion" name="00007: Check for FILLER3"/>
    <testcase classname="CWXTCOB_Unit_Tests.CWXTCOB_Scenario_Good.00001: CWXTCOBCase1.CWXTCOB_RPTFILE_FILE_02.00014: null assertion" name="00008: Check for EMP_DTL_HIRE_MM"/>
    <testcase classname="CWXTCOB_Unit_Tests.CWXTCOB_Scenario_Good.00001: CWXTCOBCase1.CWXTCOB_RPTFILE_FILE_02.00014: null assertion" name="00009: Check for EMP_DTL_SLASH1"/>
    <testcase classname="CWXTCOB_Unit_Tests.CWXTCOB_Scenario_Good.00001: CWXTCOBCase1.CWXTCOB_RPTFILE_FILE_02.00014: null assertion" name="00010: Check for EMP_DTL_HIRE_DD"/>
    <testcase classname="CWXTCOB_Unit_Tests.CWXTCOB_Scenario_Good.00001: CWXTCOBCase1.CWXTCOB_RPTFILE_FILE_02.00014: null assertion" name="00011: Check for EMP_DTL_SLASH2"/>
    <testcase classname="CWXTCOB_Unit_Tests.CWXTCOB_Scenario_Good.00001: CWXTCOBCase1.CWXTCOB_RPTFILE_FILE_02.00014: null assertion" name="00012: Check for EMP_DTL_HIRE_YY"/>
    <testcase classname="CWXTCOB_Unit_Tests.CWXTCOB_Scenario_Good.00001: CWXTCOBCase1.CWXTCOB_RPTFILE_FILE_02.00014: null assertion" name="00013: Check for FILLER4"/>
    <testcase classname="CWXTCOB_Unit_Tests.CWXTCOB_Scenario_Good.00001: CWXTCOBCase1.CWXTCOB_RPTFILE_FILE_02.00014: null assertion" name="00014: Check for EMP_DTL_YRS_OF_SERVICE">
      <failure>Check for EMP_DTL_YRS_OF_SERVICE failed

Actual Value:    0

Expected Value:  = 30</failure>
    </testcase>
    <testcase classname="CWXTCOB_Unit_Tests.CWXTCOB_Scenario_Good.00001: CWXTCOBCase1.CWXTCOB_RPTFILE_FILE_02.00014: null assertion" name="00015: Check for FILLER5"/>
    <testcase classname="CWXTCOB_Unit_Tests.CWXTCOB_Scenario_Good.00001: CWXTCOBCase1.CWXTCOB_RPTFILE_FILE_02.00014: null assertion" name="00016: Check for EMP_DTL_WAGES"/>
    <testcase classname="CWXTCOB_Unit_Tests.CWXTCOB_Scenario_Good.00001: CWXTCOBCase1.CWXTCOB_RPTFILE_FILE_02.00014: null assertion" name="00017: Check for FILLER6"/>
    <testcase classname="CWXTCOB_Unit_Tests.CWXTCOB_Scenario_Good.00001: CWXTCOBCase1.CWXTCOB_RPTFILE_FILE_02.00014: null assertion" name="00018: Check for EMP_DTL_OT"/>
    <testcase classname="CWXTCOB_Unit_Tests.CWXTCOB_Scenario_Good.00001: CWXTCOBCase1.CWXTCOB_RPTFILE_FILE_02.00014: null assertion" name="00019: Check for FILLER7"/>
    <testcase classname="CWXTCOB_Unit_Tests.CWXTCOB_Scenario_Good.00001: CWXTCOBCase1.CWXTCOB_RPTFILE_FILE_02.00014: null assertion" name="00020: Check for EMP_DTL_COMM">
      <failure>Check for EMP_DTL_COMM failed

Actual Value:    0.00

Expected Value:  = 1120.00</failure>
    </testcase>
    <testcase classname="CWXTCOB_Unit_Tests.CWXTCOB_Scenario_Good.00001: CWXTCOBCase1.CWXTCOB_RPTFILE_FILE_02.00014: null assertion" name="00021: Check for FILLER8"/>
    <testcase classname="CWXTCOB_Unit_Tests.CWXTCOB_Scenario_Good.00001: CWXTCOBCase1.CWXTCOB_RPTFILE_FILE_02.00014: null assertion" name="00022: Check for EMP_DTL_TOTAL">
      <failure>Check for EMP_DTL_TOTAL failed

Actual Value:    1050.00

Expected Value:  = 2170.00</failure>
    </testcase>
  </testsuite>
  <testsuite errors="0" failures="19" name="CWXTCOB_Unit_Tests.CWXTCOB_Scenario_Good.00001: CWXTCOBCase1.CWXTCOB_RPTFILE_FILE_02.00015: null assertion" tests="173">
    <testcase classname="CWXTCOB_Unit_Tests.CWXTCOB_Scenario_Good.00001: CWXTCOBCase1.CWXTCOB_RPTFILE_FILE_02.00015: null assertion" name="00001: Check for FILLER0"/>
    <testcase classname="CWXTCOB_Unit_Tests.CWXTCOB_Scenario_Good.00001: CWXTCOBCase1.CWXTCOB_RPTFILE_FILE_02.00015: null assertion" name="00002: Check for EMP_DTL_NAME"/>
    <testcase classname="CWXTCOB_Unit_Tests.CWXTCOB_Scenario_Good.00001: CWXTCOBCase1.CWXTCOB_RPTFILE_FILE_02.00015: null assertion" name="00003: Check for FILLER1"/>
    <testcase classname="CWXTCOB_Unit_Tests.CWXTCOB_Scenario_Good.00001: CWXTCOBCase1.CWXTCOB_RPTFILE_FILE_02.00015: null assertion" name="00004: Check for EMP_DTL_REGION"/>
    <testcase classname="CWXTCOB_Unit_Tests.CWXTCOB_Scenario_Good.00001: CWXTCOBCase1.CWXTCOB_RPTFILE_FILE_02.00015: null assertion" name="00005: Check for FILLER2"/>
    <testcase classname="CWXTCOB_Unit_Tests.CWXTCOB_Scenario_Good.00001: CWXTCOBCase1.CWXTCOB_RPTFILE_FILE_02.00015: null assertion" name="00006: Check for EMP_DTL_TYPE"/>
    <testcase classname="CWXTCOB_Unit_Tests.CWXTCOB_Scenario_Good.00001: CWXTCOBCase1.CWXTCOB_RPTFILE_FILE_02.00015: null assertion" name="00007: Check for FILLER3"/>
    <testcase classname="CWXTCOB_Unit_Tests.CWXTCOB_Scenario_Good.00001: CWXTCOBCase1.CWXTCOB_RPTFILE_FILE_02.00015: null assertion" name="00008: Check for EMP_DTL_HIRE_MM"/>
    <testcase classname="CWXTCOB_Unit_Tests.CWXTCOB_Scenario_Good.00001: CWXTCOBCase1.CWXTCOB_RPTFILE_FILE_02.00015: null assertion" name="00009: Check for EMP_DTL_SLASH1"/>
    <testcase classname="CWXTCOB_Unit_Tests.CWXTCOB_Scenario_Good.00001: CWXTCOBCase1.CWXTCOB_RPTFILE_FILE_02.00015: null assertion" name="00010: Check for EMP_DTL_HIRE_DD"/>
    <testcase classname="CWXTCOB_Unit_Tests.CWXTCOB_Scenario_Good.00001: CWXTCOBCase1.CWXTCOB_RPTFILE_FILE_02.00015: null assertion" name="00011: Check for EMP_DTL_SLASH2"/>
    <testcase classname="CWXTCOB_Unit_Tests.CWXTCOB_Scenario_Good.00001: CWXTCOBCase1.CWXTCOB_RPTFILE_FILE_02.00015: null assertion" name="00012: Check for EMP_DTL_HIRE_YY"/>
    <testcase classname="CWXTCOB_Unit_Tests.CWXTCOB_Scenario_Good.00001: CWXTCOBCase1.CWXTCOB_RPTFILE_FILE_02.00015: null assertion" name="00013: Check for FILLER4"/>
    <testcase classname="CWXTCOB_Unit_Tests.CWXTCOB_Scenario_Good.00001: CWXTCOBCase1.CWXTCOB_RPTFILE_FILE_02.00015: null assertion" name="00014: Check for EMP_DTL_YRS_OF_SERVICE">
      <failure>Check for EMP_DTL_YRS_OF_SERVICE failed

Actual Value:    0

Expected Value:  = 35</failure>
    </testcase>
    <testcase classname="CWXTCOB_Unit_Tests.CWXTCOB_Scenario_Good.00001: CWXTCOBCase1.CWXTCOB_RPTFILE_FILE_02.00015: null assertion" name="00015: Check for FILLER5"/>
    <testcase classname="CWXTCOB_Unit_Tests.CWXTCOB_Scenario_Good.00001: CWXTCOBCase1.CWXTCOB_RPTFILE_FILE_02.00015: null assertion" name="00016: Check for EMP_DTL_WAGES"/>
    <testcase classname="CWXTCOB_Unit_Tests.CWXTCOB_Scenario_Good.00001: CWXTCOBCase1.CWXTCOB_RPTFILE_FILE_02.00015: null assertion" name="00017: Check for FILLER6"/>
    <testcase classname="CWXTCOB_Unit_Tests.CWXTCOB_Scenario_Good.00001: CWXTCOBCase1.CWXTCOB_RPTFILE_FILE_02.00015: null assertion" name="00018: Check for EMP_DTL_OT"/>
    <testcase classname="CWXTCOB_Unit_Tests.CWXTCOB_Scenario_Good.00001: CWXTCOBCase1.CWXTCOB_RPTFILE_FILE_02.00015: null assertion" name="00019: Check for FILLER7"/>
    <testcase classname="CWXTCOB_Unit_Tests.CWXTCOB_Scenario_Good.00001: CWXTCOBCase1.CWXTCOB_RPTFILE_FILE_02.00015: null assertion" name="00020: Check for EMP_DTL_COMM">
      <failure>Check for EMP_DTL_COMM failed

Actual Value:    0.00

Expected Value:  = 6000.00</failure>
    </testcase>
    <testcase classname="CWXTCOB_Unit_Tests.CWXTCOB_Scenario_Good.00001: CWXTCOBCase1.CWXTCOB_RPTFILE_FILE_02.00015: null assertion" name="00021: Check for FILLER8"/>
    <testcase classname="CWXTCOB_Unit_Tests.CWXTCOB_Scenario_Good.00001: CWXTCOBCase1.CWXTCOB_RPTFILE_FILE_02.00015: null assertion" name="00022: Check for EMP_DTL_TOTAL">
      <failure>Check for EMP_DTL_TOTAL failed

Actual Value:    1225.00

Expected Value:  = 7225.00</failure>
    </testcase>
  </testsuite>
  <testsuite errors="0" failures="20" name="CWXTCOB_Unit_Tests.CWXTCOB_Scenario_Good.00001: CWXTCOBCase1.CWXTCOB_RPTFILE_FILE_02.00016: null assertion" tests="195">
    <testcase classname="CWXTCOB_Unit_Tests.CWXTCOB_Scenario_Good.00001: CWXTCOBCase1.CWXTCOB_RPTFILE_FILE_02.00016: null assertion" name="00001: Check for FILLER0"/>
    <testcase classname="CWXTCOB_Unit_Tests.CWXTCOB_Scenario_Good.00001: CWXTCOBCase1.CWXTCOB_RPTFILE_FILE_02.00016: null assertion" name="00002: Check for EMP_DTL_NAME"/>
    <testcase classname="CWXTCOB_Unit_Tests.CWXTCOB_Scenario_Good.00001: CWXTCOBCase1.CWXTCOB_RPTFILE_FILE_02.00016: null assertion" name="00003: Check for FILLER1"/>
    <testcase classname="CWXTCOB_Unit_Tests.CWXTCOB_Scenario_Good.00001: CWXTCOBCase1.CWXTCOB_RPTFILE_FILE_02.00016: null assertion" name="00004: Check for EMP_DTL_REGION"/>
    <testcase classname="CWXTCOB_Unit_Tests.CWXTCOB_Scenario_Good.00001: CWXTCOBCase1.CWXTCOB_RPTFILE_FILE_02.00016: null assertion" name="00005: Check for FILLER2"/>
    <testcase classname="CWXTCOB_Unit_Tests.CWXTCOB_Scenario_Good.00001: CWXTCOBCase1.CWXTCOB_RPTFILE_FILE_02.00016: null assertion" name="00006: Check for EMP_DTL_TYPE"/>
    <testcase classname="CWXTCOB_Unit_Tests.CWXTCOB_Scenario_Good.00001: CWXTCOBCase1.CWXTCOB_RPTFILE_FILE_02.00016: null assertion" name="00007: Check for FILLER3"/>
    <testcase classname="CWXTCOB_Unit_Tests.CWXTCOB_Scenario_Good.00001: CWXTCOBCase1.CWXTCOB_RPTFILE_FILE_02.00016: null assertion" name="00008: Check for EMP_DTL_HIRE_MM"/>
    <testcase classname="CWXTCOB_Unit_Tests.CWXTCOB_Scenario_Good.00001: CWXTCOBCase1.CWXTCOB_RPTFILE_FILE_02.00016: null assertion" name="00009: Check for EMP_DTL_SLASH1"/>
    <testcase classname="CWXTCOB_Unit_Tests.CWXTCOB_Scenario_Good.00001: CWXTCOBCase1.CWXTCOB_RPTFILE_FILE_02.00016: null assertion" name="00010: Check for EMP_DTL_HIRE_DD"/>
    <testcase classname="CWXTCOB_Unit_Tests.CWXTCOB_Scenario_Good.00001: CWXTCOBCase1.CWXTCOB_RPTFILE_FILE_02.00016: null assertion" name="00011: Check for EMP_DTL_SLASH2"/>
    <testcase classname="CWXTCOB_Unit_Tests.CWXTCOB_Scenario_Good.00001: CWXTCOBCase1.CWXTCOB_RPTFILE_FILE_02.00016: null assertion" name="00012: Check for EMP_DTL_HIRE_YY"/>
    <testcase classname="CWXTCOB_Unit_Tests.CWXTCOB_Scenario_Good.00001: CWXTCOBCase1.CWXTCOB_RPTFILE_FILE_02.00016: null assertion" name="00013: Check for FILLER4"/>
    <testcase classname="CWXTCOB_Unit_Tests.CWXTCOB_Scenario_Good.00001: CWXTCOBCase1.CWXTCOB_RPTFILE_FILE_02.00016: null assertion" name="00014: Check for EMP_DTL_YRS_OF_SERVICE">
      <failure>Check for EMP_DTL_YRS_OF_SERVICE failed

Actual Value:    0

Expected Value:  = 25</failure>
    </testcase>
    <testcase classname="CWXTCOB_Unit_Tests.CWXTCOB_Scenario_Good.00001: CWXTCOBCase1.CWXTCOB_RPTFILE_FILE_02.00016: null assertion" name="00015: Check for FILLER5"/>
    <testcase classname="CWXTCOB_Unit_Tests.CWXTCOB_Scenario_Good.00001: CWXTCOBCase1.CWXTCOB_RPTFILE_FILE_02.00016: null assertion" name="00016: Check for EMP_DTL_WAGES"/>
    <testcase classname="CWXTCOB_Unit_Tests.CWXTCOB_Scenario_Good.00001: CWXTCOBCase1.CWXTCOB_RPTFILE_FILE_02.00016: null assertion" name="00017: Check for FILLER6"/>
    <testcase classname="CWXTCOB_Unit_Tests.CWXTCOB_Scenario_Good.00001: CWXTCOBCase1.CWXTCOB_RPTFILE_FILE_02.00016: null assertion" name="00018: Check for EMP_DTL_OT"/>
    <testcase classname="CWXTCOB_Unit_Tests.CWXTCOB_Scenario_Good.00001: CWXTCOBCase1.CWXTCOB_RPTFILE_FILE_02.00016: null assertion" name="00019: Check for FILLER7"/>
    <testcase classname="CWXTCOB_Unit_Tests.CWXTCOB_Scenario_Good.00001: CWXTCOBCase1.CWXTCOB_RPTFILE_FILE_02.00016: null assertion" name="00020: Check for EMP_DTL_COMM"/>
    <testcase classname="CWXTCOB_Unit_Tests.CWXTCOB_Scenario_Good.00001: CWXTCOBCase1.CWXTCOB_RPTFILE_FILE_02.00016: null assertion" name="00021: Check for FILLER8"/>
    <testcase classname="CWXTCOB_Unit_Tests.CWXTCOB_Scenario_Good.00001: CWXTCOBCase1.CWXTCOB_RPTFILE_FILE_02.00016: null assertion" name="00022: Check for EMP_DTL_TOTAL"/>
  </testsuite>
  <testsuite errors="0" failures="21" name="CWXTCOB_Unit_Tests.CWXTCOB_Scenario_Good.00001: CWXTCOBCase1.CWXTCOB_RPTFILE_FILE_02.00017: null assertion" tests="217">
    <testcase classname="CWXTCOB_Unit_Tests.CWXTCOB_Scenario_Good.00001: CWXTCOBCase1.CWXTCOB_RPTFILE_FILE_02.00017: null assertion" name="00001: Check for FILLER0"/>
    <testcase classname="CWXTCOB_Unit_Tests.CWXTCOB_Scenario_Good.00001: CWXTCOBCase1.CWXTCOB_RPTFILE_FILE_02.00017: null assertion" name="00002: Check for EMP_DTL_NAME"/>
    <testcase classname="CWXTCOB_Unit_Tests.CWXTCOB_Scenario_Good.00001: CWXTCOBCase1.CWXTCOB_RPTFILE_FILE_02.00017: null assertion" name="00003: Check for FILLER1"/>
    <testcase classname="CWXTCOB_Unit_Tests.CWXTCOB_Scenario_Good.00001: CWXTCOBCase1.CWXTCOB_RPTFILE_FILE_02.00017: null assertion" name="00004: Check for EMP_DTL_REGION"/>
    <testcase classname="CWXTCOB_Unit_Tests.CWXTCOB_Scenario_Good.00001: CWXTCOBCase1.CWXTCOB_RPTFILE_FILE_02.00017: null assertion" name="00005: Check for FILLER2"/>
    <testcase classname="CWXTCOB_Unit_Tests.CWXTCOB_Scenario_Good.00001: CWXTCOBCase1.CWXTCOB_RPTFILE_FILE_02.00017: null assertion" name="00006: Check for EMP_DTL_TYPE"/>
    <testcase classname="CWXTCOB_Unit_Tests.CWXTCOB_Scenario_Good.00001: CWXTCOBCase1.CWXTCOB_RPTFILE_FILE_02.00017: null assertion" name="00007: Check for FILLER3"/>
    <testcase classname="CWXTCOB_Unit_Tests.CWXTCOB_Scenario_Good.00001: CWXTCOBCase1.CWXTCOB_RPTFILE_FILE_02.00017: null assertion" name="00008: Check for EMP_DTL_HIRE_MM"/>
    <testcase classname="CWXTCOB_Unit_Tests.CWXTCOB_Scenario_Good.00001: CWXTCOBCase1.CWXTCOB_RPTFILE_FILE_02.00017: null assertion" name="00009: Check for EMP_DTL_SLASH1"/>
    <testcase classname="CWXTCOB_Unit_Tests.CWXTCOB_Scenario_Good.00001: CWXTCOBCase1.CWXTCOB_RPTFILE_FILE_02.00017: null assertion" name="00010: Check for EMP_DTL_HIRE_DD"/>
    <testcase classname="CWXTCOB_Unit_Tests.CWXTCOB_Scenario_Good.00001: CWXTCOBCase1.CWXTCOB_RPTFILE_FILE_02.00017: null assertion" name="00011: Check for EMP_DTL_SLASH2"/>
    <testcase classname="CWXTCOB_Unit_Tests.CWXTCOB_Scenario_Good.00001: CWXTCOBCase1.CWXTCOB_RPTFILE_FILE_02.00017: null assertion" name="00012: Check for EMP_DTL_HIRE_YY"/>
    <testcase classname="CWXTCOB_Unit_Tests.CWXTCOB_Scenario_Good.00001: CWXTCOBCase1.CWXTCOB_RPTFILE_FILE_02.00017: null assertion" name="00013: Check for FILLER4"/>
    <testcase classname="CWXTCOB_Unit_Tests.CWXTCOB_Scenario_Good.00001: CWXTCOBCase1.CWXTCOB_RPTFILE_FILE_02.00017: null assertion" name="00014: Check for EMP_DTL_YRS_OF_SERVICE">
      <failure>Check for EMP_DTL_YRS_OF_SERVICE failed

Actual Value:    0

Expected Value:  = 27</failure>
    </testcase>
    <testcase classname="CWXTCOB_Unit_Tests.CWXTCOB_Scenario_Good.00001: CWXTCOBCase1.CWXTCOB_RPTFILE_FILE_02.00017: null assertion" name="00015: Check for FILLER5"/>
    <testcase classname="CWXTCOB_Unit_Tests.CWXTCOB_Scenario_Good.00001: CWXTCOBCase1.CWXTCOB_RPTFILE_FILE_02.00017: null assertion" name="00016: Check for EMP_DTL_WAGES"/>
    <testcase classname="CWXTCOB_Unit_Tests.CWXTCOB_Scenario_Good.00001: CWXTCOBCase1.CWXTCOB_RPTFILE_FILE_02.00017: null assertion" name="00017: Check for FILLER6"/>
    <testcase classname="CWXTCOB_Unit_Tests.CWXTCOB_Scenario_Good.00001: CWXTCOBCase1.CWXTCOB_RPTFILE_FILE_02.00017: null assertion" name="00018: Check for EMP_DTL_OT"/>
    <testcase classname="CWXTCOB_Unit_Tests.CWXTCOB_Scenario_Good.00001: CWXTCOBCase1.CWXTCOB_RPTFILE_FILE_02.00017: null assertion" name="00019: Check for FILLER7"/>
    <testcase classname="CWXTCOB_Unit_Tests.CWXTCOB_Scenario_Good.00001: CWXTCOBCase1.CWXTCOB_RPTFILE_FILE_02.00017: null assertion" name="00020: Check for EMP_DTL_COMM"/>
    <testcase classname="CWXTCOB_Unit_Tests.CWXTCOB_Scenario_Good.00001: CWXTCOBCase1.CWXTCOB_RPTFILE_FILE_02.00017: null assertion" name="00021: Check for FILLER8"/>
    <testcase classname="CWXTCOB_Unit_Tests.CWXTCOB_Scenario_Good.00001: CWXTCOBCase1.CWXTCOB_RPTFILE_FILE_02.00017: null assertion" name="00022: Check for EMP_DTL_TOTAL"/>
  </testsuite>
  <testsuite errors="0" failures="24" name="CWXTCOB_Unit_Tests.CWXTCOB_Scenario_Good.00001: CWXTCOBCase1.CWXTCOB_RPTFILE_FILE_02.00018: null assertion" tests="239">
    <testcase classname="CWXTCOB_Unit_Tests.CWXTCOB_Scenario_Good.00001: CWXTCOBCase1.CWXTCOB_RPTFILE_FILE_02.00018: null assertion" name="00001: Check for FILLER0"/>
    <testcase classname="CWXTCOB_Unit_Tests.CWXTCOB_Scenario_Good.00001: CWXTCOBCase1.CWXTCOB_RPTFILE_FILE_02.00018: null assertion" name="00002: Check for EMP_DTL_NAME"/>
    <testcase classname="CWXTCOB_Unit_Tests.CWXTCOB_Scenario_Good.00001: CWXTCOBCase1.CWXTCOB_RPTFILE_FILE_02.00018: null assertion" name="00003: Check for FILLER1"/>
    <testcase classname="CWXTCOB_Unit_Tests.CWXTCOB_Scenario_Good.00001: CWXTCOBCase1.CWXTCOB_RPTFILE_FILE_02.00018: null assertion" name="00004: Check for EMP_DTL_REGION"/>
    <testcase classname="CWXTCOB_Unit_Tests.CWXTCOB_Scenario_Good.00001: CWXTCOBCase1.CWXTCOB_RPTFILE_FILE_02.00018: null assertion" name="00005: Check for FILLER2"/>
    <testcase classname="CWXTCOB_Unit_Tests.CWXTCOB_Scenario_Good.00001: CWXTCOBCase1.CWXTCOB_RPTFILE_FILE_02.00018: null assertion" name="00006: Check for EMP_DTL_TYPE"/>
    <testcase classname="CWXTCOB_Unit_Tests.CWXTCOB_Scenario_Good.00001: CWXTCOBCase1.CWXTCOB_RPTFILE_FILE_02.00018: null assertion" name="00007: Check for FILLER3"/>
    <testcase classname="CWXTCOB_Unit_Tests.CWXTCOB_Scenario_Good.00001: CWXTCOBCase1.CWXTCOB_RPTFILE_FILE_02.00018: null assertion" name="00008: Check for EMP_DTL_HIRE_MM"/>
    <testcase classname="CWXTCOB_Unit_Tests.CWXTCOB_Scenario_Good.00001: CWXTCOBCase1.CWXTCOB_RPTFILE_FILE_02.00018: null assertion" name="00009: Check for EMP_DTL_SLASH1"/>
    <testcase classname="CWXTCOB_Unit_Tests.CWXTCOB_Scenario_Good.00001: CWXTCOBCase1.CWXTCOB_RPTFILE_FILE_02.00018: null assertion" name="00010: Check for EMP_DTL_HIRE_DD"/>
    <testcase classname="CWXTCOB_Unit_Tests.CWXTCOB_Scenario_Good.00001: CWXTCOBCase1.CWXTCOB_RPTFILE_FILE_02.00018: null assertion" name="00011: Check for EMP_DTL_SLASH2"/>
    <testcase classname="CWXTCOB_Unit_Tests.CWXTCOB_Scenario_Good.00001: CWXTCOBCase1.CWXTCOB_RPTFILE_FILE_02.00018: null assertion" name="00012: Check for EMP_DTL_HIRE_YY"/>
    <testcase classname="CWXTCOB_Unit_Tests.CWXTCOB_Scenario_Good.00001: CWXTCOBCase1.CWXTCOB_RPTFILE_FILE_02.00018: null assertion" name="00013: Check for FILLER4"/>
    <testcase classname="CWXTCOB_Unit_Tests.CWXTCOB_Scenario_Good.00001: CWXTCOBCase1.CWXTCOB_RPTFILE_FILE_02.00018: null assertion" name="00014: Check for EMP_DTL_YRS_OF_SERVICE">
      <failure>Check for EMP_DTL_YRS_OF_SERVICE failed

Actual Value:    0

Expected Value:  = 24</failure>
    </testcase>
    <testcase classname="CWXTCOB_Unit_Tests.CWXTCOB_Scenario_Good.00001: CWXTCOBCase1.CWXTCOB_RPTFILE_FILE_02.00018: null assertion" name="00015: Check for FILLER5"/>
    <testcase classname="CWXTCOB_Unit_Tests.CWXTCOB_Scenario_Good.00001: CWXTCOBCase1.CWXTCOB_RPTFILE_FILE_02.00018: null assertion" name="00016: Check for EMP_DTL_WAGES"/>
    <testcase classname="CWXTCOB_Unit_Tests.CWXTCOB_Scenario_Good.00001: CWXTCOBCase1.CWXTCOB_RPTFILE_FILE_02.00018: null assertion" name="00017: Check for FILLER6"/>
    <testcase classname="CWXTCOB_Unit_Tests.CWXTCOB_Scenario_Good.00001: CWXTCOBCase1.CWXTCOB_RPTFILE_FILE_02.00018: null assertion" name="00018: Check for EMP_DTL_OT"/>
    <testcase classname="CWXTCOB_Unit_Tests.CWXTCOB_Scenario_Good.00001: CWXTCOBCase1.CWXTCOB_RPTFILE_FILE_02.00018: null assertion" name="00019: Check for FILLER7"/>
    <testcase classname="CWXTCOB_Unit_Tests.CWXTCOB_Scenario_Good.00001: CWXTCOBCase1.CWXTCOB_RPTFILE_FILE_02.00018: null assertion" name="00020: Check for EMP_DTL_COMM">
      <failure>Check for EMP_DTL_COMM failed

Actual Value:    0.00

Expected Value:  = 5600.00</failure>
    </testcase>
    <testcase classname="CWXTCOB_Unit_Tests.CWXTCOB_Scenario_Good.00001: CWXTCOBCase1.CWXTCOB_RPTFILE_FILE_02.00018: null assertion" name="00021: Check for FILLER8"/>
    <testcase classname="CWXTCOB_Unit_Tests.CWXTCOB_Scenario_Good.00001: CWXTCOBCase1.CWXTCOB_RPTFILE_FILE_02.00018: null assertion" name="00022: Check for EMP_DTL_TOTAL">
      <failure>Check for EMP_DTL_TOTAL failed

Actual Value:    900.00

Expected Value:  = 6500.00</failure>
    </testcase>
  </testsuite>
  <testsuite errors="0" failures="25" name="CWXTCOB_Unit_Tests.CWXTCOB_Scenario_Good.00001: CWXTCOBCase1.CWXTCOB_RPTFILE_FILE_02.00019: null assertion" tests="261">
    <testcase classname="CWXTCOB_Unit_Tests.CWXTCOB_Scenario_Good.00001: CWXTCOBCase1.CWXTCOB_RPTFILE_FILE_02.00019: null assertion" name="00001: Check for FILLER0"/>
    <testcase classname="CWXTCOB_Unit_Tests.CWXTCOB_Scenario_Good.00001: CWXTCOBCase1.CWXTCOB_RPTFILE_FILE_02.00019: null assertion" name="00002: Check for EMP_DTL_NAME"/>
    <testcase classname="CWXTCOB_Unit_Tests.CWXTCOB_Scenario_Good.00001: CWXTCOBCase1.CWXTCOB_RPTFILE_FILE_02.00019: null assertion" name="00003: Check for FILLER1"/>
    <testcase classname="CWXTCOB_Unit_Tests.CWXTCOB_Scenario_Good.00001: CWXTCOBCase1.CWXTCOB_RPTFILE_FILE_02.00019: null assertion" name="00004: Check for EMP_DTL_REGION"/>
    <testcase classname="CWXTCOB_Unit_Tests.CWXTCOB_Scenario_Good.00001: CWXTCOBCase1.CWXTCOB_RPTFILE_FILE_02.00019: null assertion" name="00005: Check for FILLER2"/>
    <testcase classname="CWXTCOB_Unit_Tests.CWXTCOB_Scenario_Good.00001: CWXTCOBCase1.CWXTCOB_RPTFILE_FILE_02.00019: null assertion" name="00006: Check for EMP_DTL_TYPE"/>
    <testcase classname="CWXTCOB_Unit_Tests.CWXTCOB_Scenario_Good.00001: CWXTCOBCase1.CWXTCOB_RPTFILE_FILE_02.00019: null assertion" name="00007: Check for FILLER3"/>
    <testcase classname="CWXTCOB_Unit_Tests.CWXTCOB_Scenario_Good.00001: CWXTCOBCase1.CWXTCOB_RPTFILE_FILE_02.00019: null assertion" name="00008: Check for EMP_DTL_HIRE_MM"/>
    <testcase classname="CWXTCOB_Unit_Tests.CWXTCOB_Scenario_Good.00001: CWXTCOBCase1.CWXTCOB_RPTFILE_FILE_02.00019: null assertion" name="00009: Check for EMP_DTL_SLASH1"/>
    <testcase classname="CWXTCOB_Unit_Tests.CWXTCOB_Scenario_Good.00001: CWXTCOBCase1.CWXTCOB_RPTFILE_FILE_02.00019: null assertion" name="00010: Check for EMP_DTL_HIRE_DD"/>
    <testcase classname="CWXTCOB_Unit_Tests.CWXTCOB_Scenario_Good.00001: CWXTCOBCase1.CWXTCOB_RPTFILE_FILE_02.00019: null assertion" name="00011: Check for EMP_DTL_SLASH2"/>
    <testcase classname="CWXTCOB_Unit_Tests.CWXTCOB_Scenario_Good.00001: CWXTCOBCase1.CWXTCOB_RPTFILE_FILE_02.00019: null assertion" name="00012: Check for EMP_DTL_HIRE_YY"/>
    <testcase classname="CWXTCOB_Unit_Tests.CWXTCOB_Scenario_Good.00001: CWXTCOBCase1.CWXTCOB_RPTFILE_FILE_02.00019: null assertion" name="00013: Check for FILLER4"/>
    <testcase classname="CWXTCOB_Unit_Tests.CWXTCOB_Scenario_Good.00001: CWXTCOBCase1.CWXTCOB_RPTFILE_FILE_02.00019: null assertion" name="00014: Check for EMP_DTL_YRS_OF_SERVICE">
      <failure>Check for EMP_DTL_YRS_OF_SERVICE failed

Actual Value:    0

Expected Value:  = 31</failure>
    </testcase>
    <testcase classname="CWXTCOB_Unit_Tests.CWXTCOB_Scenario_Good.00001: CWXTCOBCase1.CWXTCOB_RPTFILE_FILE_02.00019: null assertion" name="00015: Check for FILLER5"/>
    <testcase classname="CWXTCOB_Unit_Tests.CWXTCOB_Scenario_Good.00001: CWXTCOBCase1.CWXTCOB_RPTFILE_FILE_02.00019: null assertion" name="00016: Check for EMP_DTL_WAGES"/>
    <testcase classname="CWXTCOB_Unit_Tests.CWXTCOB_Scenario_Good.00001: CWXTCOBCase1.CWXTCOB_RPTFILE_FILE_02.00019: null assertion" name="00017: Check for FILLER6"/>
    <testcase classname="CWXTCOB_Unit_Tests.CWXTCOB_Scenario_Good.00001: CWXTCOBCase1.CWXTCOB_RPTFILE_FILE_02.00019: null assertion" name="00018: Check for EMP_DTL_OT"/>
    <testcase classname="CWXTCOB_Unit_Tests.CWXTCOB_Scenario_Good.00001: CWXTCOBCase1.CWXTCOB_RPTFILE_FILE_02.00019: null assertion" name="00019: Check for FILLER7"/>
    <testcase classname="CWXTCOB_Unit_Tests.CWXTCOB_Scenario_Good.00001: CWXTCOBCase1.CWXTCOB_RPTFILE_FILE_02.00019: null assertion" name="00020: Check for EMP_DTL_COMM"/>
    <testcase classname="CWXTCOB_Unit_Tests.CWXTCOB_Scenario_Good.00001: CWXTCOBCase1.CWXTCOB_RPTFILE_FILE_02.00019: null assertion" name="00021: Check for FILLER8"/>
    <testcase classname="CWXTCOB_Unit_Tests.CWXTCOB_Scenario_Good.00001: CWXTCOBCase1.CWXTCOB_RPTFILE_FILE_02.00019: null assertion" name="00022: Check for EMP_DTL_TOTAL"/>
  </testsuite>
  <testsuite errors="0" failures="28" name="CWXTCOB_Unit_Tests.CWXTCOB_Scenario_Good.00001: CWXTCOBCase1.CWXTCOB_RPTFILE_FILE_02.00020: null assertion" tests="283">
    <testcase classname="CWXTCOB_Unit_Tests.CWXTCOB_Scenario_Good.00001: CWXTCOBCase1.CWXTCOB_RPTFILE_FILE_02.00020: null assertion" name="00001: Check for FILLER0"/>
    <testcase classname="CWXTCOB_Unit_Tests.CWXTCOB_Scenario_Good.00001: CWXTCOBCase1.CWXTCOB_RPTFILE_FILE_02.00020: null assertion" name="00002: Check for EMP_DTL_NAME"/>
    <testcase classname="CWXTCOB_Unit_Tests.CWXTCOB_Scenario_Good.00001: CWXTCOBCase1.CWXTCOB_RPTFILE_FILE_02.00020: null assertion" name="00003: Check for FILLER1"/>
    <testcase classname="CWXTCOB_Unit_Tests.CWXTCOB_Scenario_Good.00001: CWXTCOBCase1.CWXTCOB_RPTFILE_FILE_02.00020: null assertion" name="00004: Check for EMP_DTL_REGION"/>
    <testcase classname="CWXTCOB_Unit_Tests.CWXTCOB_Scenario_Good.00001: CWXTCOBCase1.CWXTCOB_RPTFILE_FILE_02.00020: null assertion" name="00005: Check for FILLER2"/>
    <testcase classname="CWXTCOB_Unit_Tests.CWXTCOB_Scenario_Good.00001: CWXTCOBCase1.CWXTCOB_RPTFILE_FILE_02.00020: null assertion" name="00006: Check for EMP_DTL_TYPE"/>
    <testcase classname="CWXTCOB_Unit_Tests.CWXTCOB_Scenario_Good.00001: CWXTCOBCase1.CWXTCOB_RPTFILE_FILE_02.00020: null assertion" name="00007: Check for FILLER3"/>
    <testcase classname="CWXTCOB_Unit_Tests.CWXTCOB_Scenario_Good.00001: CWXTCOBCase1.CWXTCOB_RPTFILE_FILE_02.00020: null assertion" name="00008: Check for EMP_DTL_HIRE_MM"/>
    <testcase classname="CWXTCOB_Unit_Tests.CWXTCOB_Scenario_Good.00001: CWXTCOBCase1.CWXTCOB_RPTFILE_FILE_02.00020: null assertion" name="00009: Check for EMP_DTL_SLASH1"/>
    <testcase classname="CWXTCOB_Unit_Tests.CWXTCOB_Scenario_Good.00001: CWXTCOBCase1.CWXTCOB_RPTFILE_FILE_02.00020: null assertion" name="00010: Check for EMP_DTL_HIRE_DD"/>
    <testcase classname="CWXTCOB_Unit_Tests.CWXTCOB_Scenario_Good.00001: CWXTCOBCase1.CWXTCOB_RPTFILE_FILE_02.00020: null assertion" name="00011: Check for EMP_DTL_SLASH2"/>
    <testcase classname="CWXTCOB_Unit_Tests.CWXTCOB_Scenario_Good.00001: CWXTCOBCase1.CWXTCOB_RPTFILE_FILE_02.00020: null assertion" name="00012: Check for EMP_DTL_HIRE_YY"/>
    <testcase classname="CWXTCOB_Unit_Tests.CWXTCOB_Scenario_Good.00001: CWXTCOBCase1.CWXTCOB_RPTFILE_FILE_02.00020: null assertion" name="00013: Check for FILLER4"/>
    <testcase classname="CWXTCOB_Unit_Tests.CWXTCOB_Scenario_Good.00001: CWXTCOBCase1.CWXTCOB_RPTFILE_FILE_02.00020: null assertion" name="00014: Check for EMP_DTL_YRS_OF_SERVICE">
      <failure>Check for EMP_DTL_YRS_OF_SERVICE failed

Actual Value:    0

Expected Value:  = 37</failure>
    </testcase>
    <testcase classname="CWXTCOB_Unit_Tests.CWXTCOB_Scenario_Good.00001: CWXTCOBCase1.CWXTCOB_RPTFILE_FILE_02.00020: null assertion" name="00015: Check for FILLER5"/>
    <testcase classname="CWXTCOB_Unit_Tests.CWXTCOB_Scenario_Good.00001: CWXTCOBCase1.CWXTCOB_RPTFILE_FILE_02.00020: null assertion" name="00016: Check for EMP_DTL_WAGES"/>
    <testcase classname="CWXTCOB_Unit_Tests.CWXTCOB_Scenario_Good.00001: CWXTCOBCase1.CWXTCOB_RPTFILE_FILE_02.00020: null assertion" name="00017: Check for FILLER6"/>
    <testcase classname="CWXTCOB_Unit_Tests.CWXTCOB_Scenario_Good.00001: CWXTCOBCase1.CWXTCOB_RPTFILE_FILE_02.00020: null assertion" name="00018: Check for EMP_DTL_OT"/>
    <testcase classname="CWXTCOB_Unit_Tests.CWXTCOB_Scenario_Good.00001: CWXTCOBCase1.CWXTCOB_RPTFILE_FILE_02.00020: null assertion" name="00019: Check for FILLER7"/>
    <testcase classname="CWXTCOB_Unit_Tests.CWXTCOB_Scenario_Good.00001: CWXTCOBCase1.CWXTCOB_RPTFILE_FILE_02.00020: null assertion" name="00020: Check for EMP_DTL_COMM">
      <failure>Check for EMP_DTL_COMM failed

Actual Value:    0.00

Expected Value:  = 3333.00</failure>
    </testcase>
    <testcase classname="CWXTCOB_Unit_Tests.CWXTCOB_Scenario_Good.00001: CWXTCOBCase1.CWXTCOB_RPTFILE_FILE_02.00020: null assertion" name="00021: Check for FILLER8"/>
    <testcase classname="CWXTCOB_Unit_Tests.CWXTCOB_Scenario_Good.00001: CWXTCOBCase1.CWXTCOB_RPTFILE_FILE_02.00020: null assertion" name="00022: Check for EMP_DTL_TOTAL">
      <failure>Check for EMP_DTL_TOTAL failed

Actual Value:    1000.00

Expected Value:  = 4333.00</failure>
    </testcase>
  </testsuite>
  <testsuite errors="0" failures="29" name="CWXTCOB_Unit_Tests.CWXTCOB_Scenario_Good.00001: CWXTCOBCase1.CWXTCOB_RPTFILE_FILE_02.00021: null assertion" tests="305">
    <testcase classname="CWXTCOB_Unit_Tests.CWXTCOB_Scenario_Good.00001: CWXTCOBCase1.CWXTCOB_RPTFILE_FILE_02.00021: null assertion" name="00001: Check for FILLER0"/>
    <testcase classname="CWXTCOB_Unit_Tests.CWXTCOB_Scenario_Good.00001: CWXTCOBCase1.CWXTCOB_RPTFILE_FILE_02.00021: null assertion" name="00002: Check for EMP_DTL_NAME"/>
    <testcase classname="CWXTCOB_Unit_Tests.CWXTCOB_Scenario_Good.00001: CWXTCOBCase1.CWXTCOB_RPTFILE_FILE_02.00021: null assertion" name="00003: Check for FILLER1"/>
    <testcase classname="CWXTCOB_Unit_Tests.CWXTCOB_Scenario_Good.00001: CWXTCOBCase1.CWXTCOB_RPTFILE_FILE_02.00021: null assertion" name="00004: Check for EMP_DTL_REGION"/>
    <testcase classname="CWXTCOB_Unit_Tests.CWXTCOB_Scenario_Good.00001: CWXTCOBCase1.CWXTCOB_RPTFILE_FILE_02.00021: null assertion" name="00005: Check for FILLER2"/>
    <testcase classname="CWXTCOB_Unit_Tests.CWXTCOB_Scenario_Good.00001: CWXTCOBCase1.CWXTCOB_RPTFILE_FILE_02.00021: null assertion" name="00006: Check for EMP_DTL_TYPE"/>
    <testcase classname="CWXTCOB_Unit_Tests.CWXTCOB_Scenario_Good.00001: CWXTCOBCase1.CWXTCOB_RPTFILE_FILE_02.00021: null assertion" name="00007: Check for FILLER3"/>
    <testcase classname="CWXTCOB_Unit_Tests.CWXTCOB_Scenario_Good.00001: CWXTCOBCase1.CWXTCOB_RPTFILE_FILE_02.00021: null assertion" name="00008: Check for EMP_DTL_HIRE_MM"/>
    <testcase classname="CWXTCOB_Unit_Tests.CWXTCOB_Scenario_Good.00001: CWXTCOBCase1.CWXTCOB_RPTFILE_FILE_02.00021: null assertion" name="00009: Check for EMP_DTL_SLASH1"/>
    <testcase classname="CWXTCOB_Unit_Tests.CWXTCOB_Scenario_Good.00001: CWXTCOBCase1.CWXTCOB_RPTFILE_FILE_02.00021: null assertion" name="00010: Check for EMP_DTL_HIRE_DD"/>
    <testcase classname="CWXTCOB_Unit_Tests.CWXTCOB_Scenario_Good.00001: CWXTCOBCase1.CWXTCOB_RPTFILE_FILE_02.00021: null assertion" name="00011: Check for EMP_DTL_SLASH2"/>
    <testcase classname="CWXTCOB_Unit_Tests.CWXTCOB_Scenario_Good.00001: CWXTCOBCase1.CWXTCOB_RPTFILE_FILE_02.00021: null assertion" name="00012: Check for EMP_DTL_HIRE_YY"/>
    <testcase classname="CWXTCOB_Unit_Tests.CWXTCOB_Scenario_Good.00001: CWXTCOBCase1.CWXTCOB_RPTFILE_FILE_02.00021: null assertion" name="00013: Check for FILLER4"/>
    <testcase classname="CWXTCOB_Unit_Tests.CWXTCOB_Scenario_Good.00001: CWXTCOBCase1.CWXTCOB_RPTFILE_FILE_02.00021: null assertion" name="00014: Check for EMP_DTL_YRS_OF_SERVICE">
      <failure>Check for EMP_DTL_YRS_OF_SERVICE failed

Actual Value:    0

Expected Value:  = 33</failure>
    </testcase>
    <testcase classname="CWXTCOB_Unit_Tests.CWXTCOB_Scenario_Good.00001: CWXTCOBCase1.CWXTCOB_RPTFILE_FILE_02.00021: null assertion" name="00015: Check for FILLER5"/>
    <testcase classname="CWXTCOB_Unit_Tests.CWXTCOB_Scenario_Good.00001: CWXTCOBCase1.CWXTCOB_RPTFILE_FILE_02.00021: null assertion" name="00016: Check for EMP_DTL_WAGES"/>
    <testcase classname="CWXTCOB_Unit_Tests.CWXTCOB_Scenario_Good.00001: CWXTCOBCase1.CWXTCOB_RPTFILE_FILE_02.00021: null assertion" name="00017: Check for FILLER6"/>
    <testcase classname="CWXTCOB_Unit_Tests.CWXTCOB_Scenario_Good.00001: CWXTCOBCase1.CWXTCOB_RPTFILE_FILE_02.00021: null assertion" name="00018: Check for EMP_DTL_OT"/>
    <testcase classname="CWXTCOB_Unit_Tests.CWXTCOB_Scenario_Good.00001: CWXTCOBCase1.CWXTCOB_RPTFILE_FILE_02.00021: null assertion" name="00019: Check for FILLER7"/>
    <testcase classname="CWXTCOB_Unit_Tests.CWXTCOB_Scenario_Good.00001: CWXTCOBCase1.CWXTCOB_RPTFILE_FILE_02.00021: null assertion" name="00020: Check for EMP_DTL_COMM"/>
    <testcase classname="CWXTCOB_Unit_Tests.CWXTCOB_Scenario_Good.00001: CWXTCOBCase1.CWXTCOB_RPTFILE_FILE_02.00021: null assertion" name="00021: Check for FILLER8"/>
    <testcase classname="CWXTCOB_Unit_Tests.CWXTCOB_Scenario_Good.00001: CWXTCOBCase1.CWXTCOB_RPTFILE_FILE_02.00021: null assertion" name="00022: Check for EMP_DTL_TOTAL"/>
  </testsuite>
  <testsuite errors="0" failures="32" name="CWXTCOB_Unit_Tests.CWXTCOB_Scenario_Good.00001: CWXTCOBCase1.CWXTCOB_RPTFILE_FILE_02.00022: null assertion" tests="327">
    <testcase classname="CWXTCOB_Unit_Tests.CWXTCOB_Scenario_Good.00001: CWXTCOBCase1.CWXTCOB_RPTFILE_FILE_02.00022: null assertion" name="00001: Check for FILLER0"/>
    <testcase classname="CWXTCOB_Unit_Tests.CWXTCOB_Scenario_Good.00001: CWXTCOBCase1.CWXTCOB_RPTFILE_FILE_02.00022: null assertion" name="00002: Check for EMP_DTL_NAME"/>
    <testcase classname="CWXTCOB_Unit_Tests.CWXTCOB_Scenario_Good.00001: CWXTCOBCase1.CWXTCOB_RPTFILE_FILE_02.00022: null assertion" name="00003: Check for FILLER1"/>
    <testcase classname="CWXTCOB_Unit_Tests.CWXTCOB_Scenario_Good.00001: CWXTCOBCase1.CWXTCOB_RPTFILE_FILE_02.00022: null assertion" name="00004: Check for EMP_DTL_REGION"/>
    <testcase classname="CWXTCOB_Unit_Tests.CWXTCOB_Scenario_Good.00001: CWXTCOBCase1.CWXTCOB_RPTFILE_FILE_02.00022: null assertion" name="00005: Check for FILLER2"/>
    <testcase classname="CWXTCOB_Unit_Tests.CWXTCOB_Scenario_Good.00001: CWXTCOBCase1.CWXTCOB_RPTFILE_FILE_02.00022: null assertion" name="00006: Check for EMP_DTL_TYPE"/>
    <testcase classname="CWXTCOB_Unit_Tests.CWXTCOB_Scenario_Good.00001: CWXTCOBCase1.CWXTCOB_RPTFILE_FILE_02.00022: null assertion" name="00007: Check for FILLER3"/>
    <testcase classname="CWXTCOB_Unit_Tests.CWXTCOB_Scenario_Good.00001: CWXTCOBCase1.CWXTCOB_RPTFILE_FILE_02.00022: null assertion" name="00008: Check for EMP_DTL_HIRE_MM"/>
    <testcase classname="CWXTCOB_Unit_Tests.CWXTCOB_Scenario_Good.00001: CWXTCOBCase1.CWXTCOB_RPTFILE_FILE_02.00022: null assertion" name="00009: Check for EMP_DTL_SLASH1"/>
    <testcase classname="CWXTCOB_Unit_Tests.CWXTCOB_Scenario_Good.00001: CWXTCOBCase1.CWXTCOB_RPTFILE_FILE_02.00022: null assertion" name="00010: Check for EMP_DTL_HIRE_DD"/>
    <testcase classname="CWXTCOB_Unit_Tests.CWXTCOB_Scenario_Good.00001: CWXTCOBCase1.CWXTCOB_RPTFILE_FILE_02.00022: null assertion" name="00011: Check for EMP_DTL_SLASH2"/>
    <testcase classname="CWXTCOB_Unit_Tests.CWXTCOB_Scenario_Good.00001: CWXTCOBCase1.CWXTCOB_RPTFILE_FILE_02.00022: null assertion" name="00012: Check for EMP_DTL_HIRE_YY"/>
    <testcase classname="CWXTCOB_Unit_Tests.CWXTCOB_Scenario_Good.00001: CWXTCOBCase1.CWXTCOB_RPTFILE_FILE_02.00022: null assertion" name="00013: Check for FILLER4"/>
    <testcase classname="CWXTCOB_Unit_Tests.CWXTCOB_Scenario_Good.00001: CWXTCOBCase1.CWXTCOB_RPTFILE_FILE_02.00022: null assertion" name="00014: Check for EMP_DTL_YRS_OF_SERVICE">
      <failure>Check for EMP_DTL_YRS_OF_SERVICE failed

Actual Value:    0

Expected Value:  = 36</failure>
    </testcase>
    <testcase classname="CWXTCOB_Unit_Tests.CWXTCOB_Scenario_Good.00001: CWXTCOBCase1.CWXTCOB_RPTFILE_FILE_02.00022: null assertion" name="00015: Check for FILLER5"/>
    <testcase classname="CWXTCOB_Unit_Tests.CWXTCOB_Scenario_Good.00001: CWXTCOBCase1.CWXTCOB_RPTFILE_FILE_02.00022: null assertion" name="00016: Check for EMP_DTL_WAGES"/>
    <testcase classname="CWXTCOB_Unit_Tests.CWXTCOB_Scenario_Good.00001: CWXTCOBCase1.CWXTCOB_RPTFILE_FILE_02.00022: null assertion" name="00017: Check for FILLER6"/>
    <testcase classname="CWXTCOB_Unit_Tests.CWXTCOB_Scenario_Good.00001: CWXTCOBCase1.CWXTCOB_RPTFILE_FILE_02.00022: null assertion" name="00018: Check for EMP_DTL_OT"/>
    <testcase classname="CWXTCOB_Unit_Tests.CWXTCOB_Scenario_Good.00001: CWXTCOBCase1.CWXTCOB_RPTFILE_FILE_02.00022: null assertion" name="00019: Check for FILLER7"/>
    <testcase classname="CWXTCOB_Unit_Tests.CWXTCOB_Scenario_Good.00001: CWXTCOBCase1.CWXTCOB_RPTFILE_FILE_02.00022: null assertion" name="00020: Check for EMP_DTL_COMM">
      <failure>Check for EMP_DTL_COMM failed

Actual Value:    0.00

Expected Value:  = 6000.00</failure>
    </testcase>
    <testcase classname="CWXTCOB_Unit_Tests.CWXTCOB_Scenario_Good.00001: CWXTCOBCase1.CWXTCOB_RPTFILE_FILE_02.00022: null assertion" name="00021: Check for FILLER8"/>
    <testcase classname="CWXTCOB_Unit_Tests.CWXTCOB_Scenario_Good.00001: CWXTCOBCase1.CWXTCOB_RPTFILE_FILE_02.00022: null assertion" name="00022: Check for EMP_DTL_TOTAL">
      <failure>Check for EMP_DTL_TOTAL failed

Actual Value:    750.00

Expected Value:  = 6750.00</failure>
    </testcase>
  </testsuite>
  <testsuite errors="0" failures="32" name="CWXTCOB_Unit_Tests.CWXTCOB_Scenario_Good.00001: CWXTCOBCase1.CWXTCOB_RPTFILE_FILE_02.00023: null assertion" tests="328">
    <testcase classname="CWXTCOB_Unit_Tests.CWXTCOB_Scenario_Good.00001: CWXTCOBCase1.CWXTCOB_RPTFILE_FILE_02.00023: null assertion" name="00001: Check for BLANK_LINE"/>
  </testsuite>
  <testsuite errors="0" failures="33" name="CWXTCOB_Unit_Tests.CWXTCOB_Scenario_Good.00001: CWXTCOBCase1.CWXTCOB_RPTFILE_FILE_02.00024: null assertion" tests="332">
    <testcase classname="CWXTCOB_Unit_Tests.CWXTCOB_Scenario_Good.00001: CWXTCOBCase1.CWXTCOB_RPTFILE_FILE_02.00024: null assertion" name="00001: Check for FILLER0"/>
    <testcase classname="CWXTCOB_Unit_Tests.CWXTCOB_Scenario_Good.00001: CWXTCOBCase1.CWXTCOB_RPTFILE_FILE_02.00024: null assertion" name="00002: Check for FILLER1"/>
    <testcase classname="CWXTCOB_Unit_Tests.CWXTCOB_Scenario_Good.00001: CWXTCOBCase1.CWXTCOB_RPTFILE_FILE_02.00024: null assertion" name="00003: Check for FILLER2"/>
    <testcase classname="CWXTCOB_Unit_Tests.CWXTCOB_Scenario_Good.00001: CWXTCOBCase1.CWXTCOB_RPTFILE_FILE_02.00024: null assertion" name="00004: Check for EMP_GRAND_TOTAL">
      <failure>Check for EMP_GRAND_TOTAL failed

Actual Value:    13013.00

Expected Value:  = 45366.00</failure>
    </testcase>
  </testsuite>
</testsuites>